TN:
SF:src/composables/useInvoices.ts
FN:11,useInvoices
FN:18,(anonymous_1)
FN:19,(anonymous_2)
FN:22,(anonymous_3)
FN:23,(anonymous_4)
FN:27,(anonymous_5)
FN:28,(anonymous_6)
FN:32,(anonymous_7)
FN:34,(anonymous_8)
FN:35,(anonymous_9)
FN:39,fetchInvoices
FN:53,fetchInvoiceById
FN:68,createInvoice
FN:84,updateInvoiceStatus
FN:89,(anonymous_14)
FN:101,voidInvoice
FN:106,(anonymous_16)
FNF:17
FNH:10
FNDA:5,useInvoices
FNDA:1,(anonymous_1)
FNDA:1,(anonymous_2)
FNDA:1,(anonymous_3)
FNDA:3,(anonymous_4)
FNDA:0,(anonymous_5)
FNDA:0,(anonymous_6)
FNDA:1,(anonymous_7)
FNDA:3,(anonymous_8)
FNDA:2,(anonymous_9)
FNDA:2,fetchInvoices
FNDA:0,fetchInvoiceById
FNDA:1,createInvoice
FNDA:0,updateInvoiceStatus
FNDA:0,(anonymous_14)
FNDA:0,voidInvoice
FNDA:0,(anonymous_16)
DA:13,5
DA:14,5
DA:15,5
DA:18,5
DA:19,5
DA:22,5
DA:23,3
DA:27,5
DA:28,0
DA:32,5
DA:33,1
DA:34,3
DA:35,2
DA:40,2
DA:41,2
DA:42,2
DA:43,2
DA:44,1
DA:46,1
DA:48,2
DA:54,0
DA:55,0
DA:56,0
DA:57,0
DA:58,0
DA:60,0
DA:61,0
DA:63,0
DA:69,1
DA:70,1
DA:71,1
DA:72,1
DA:73,1
DA:74,1
DA:76,0
DA:77,0
DA:79,1
DA:85,0
DA:86,0
DA:87,0
DA:88,0
DA:89,0
DA:90,0
DA:91,0
DA:93,0
DA:94,0
DA:96,0
DA:102,0
DA:103,0
DA:104,0
DA:105,0
DA:106,0
DA:107,0
DA:108,0
DA:110,0
DA:111,0
DA:113,0
DA:117,5
LF:58
LH:27
BRDA:90,0,0,0
BRDA:90,0,1,0
BRDA:107,1,0,0
BRDA:107,1,1,0
BRF:4
BRH:0
end_of_record
